<?xml version="1.0" encoding="UTF-8"?>
<!-- Generated by org.testng.reporters.JUnitXMLReporter -->
<testsuite ignored="0" hostname="RAM" failures="0" tests="3" name="Test" time="0.206" errors="0" timestamp="2024-04-28T12:19:45 IST">
  <testcase classname="Base.Assertion" name="@BeforeTest launchurl" time="-1.714286985126E9">
    <failure type="org.testng.TestNGException" message="
Parameter &amp;apos;browser&amp;apos; is required by BeforeTest on method launchurl but has not been marked @Optional or defined
in E:\Automation\KomalMaven\base2.xml">
      <![CDATA[org.testng.TestNGException: 
Parameter 'browser' is required by BeforeTest on method launchurl but has not been marked @Optional or defined
in E:\Automation\KomalMaven\base2.xml
... Removed 21 stack frames]]>
    </failure>
  </testcase> <!-- @BeforeTest launchurl -->
  <testcase classname="Base.Createaccount" name="@BeforeTest launchurl" time="0.0">
    <skipped/>
  </testcase> <!-- @BeforeTest launchurl -->
  <testcase classname="Base.Signin" name="@BeforeTest launchurl" time="0.0">
    <skipped/>
  </testcase> <!-- @BeforeTest launchurl -->
  <testcase classname="Base.Signin" name="@BeforeClass forgot" time="0.0">
    <skipped/>
  </testcase> <!-- @BeforeClass forgot -->
  <testcase classname="Base.Signin" name="@BeforeMethod forgot2" time="0.0">
    <skipped/>
  </testcase> <!-- @BeforeMethod forgot2 -->
  <testcase classname="Base.Signin" name="@AfterMethod TakesScreenshot" time="0.0">
    <skipped/>
  </testcase> <!-- @AfterMethod TakesScreenshot -->
  <testcase classname="Base.Signin" name="@AfterClass CloseFb" time="0.0">
    <skipped/>
  </testcase> <!-- @AfterClass CloseFb -->
  <testcase classname="Base.Createaccount" name="@BeforeClass forgot" time="0.0">
    <skipped/>
  </testcase> <!-- @BeforeClass forgot -->
  <testcase classname="Base.Createaccount" name="@BeforeMethod forgot2" time="0.0">
    <skipped/>
  </testcase> <!-- @BeforeMethod forgot2 -->
  <testcase classname="Base.Createaccount" name="@AfterMethod TakesScreenshot" time="0.0">
    <skipped/>
  </testcase> <!-- @AfterMethod TakesScreenshot -->
  <testcase classname="Base.Createaccount" name="@AfterClass CloseFb" time="0.0">
    <skipped/>
  </testcase> <!-- @AfterClass CloseFb -->
  <testcase classname="Base.Assertion" name="@BeforeClass forgot" time="0.0">
    <skipped/>
  </testcase> <!-- @BeforeClass forgot -->
  <testcase classname="Base.Assertion" name="@BeforeMethod forgot2" time="0.0">
    <skipped/>
  </testcase> <!-- @BeforeMethod forgot2 -->
  <testcase classname="Base.Assertion" name="@AfterMethod TakesScreenshot" time="0.0">
    <skipped/>
  </testcase> <!-- @AfterMethod TakesScreenshot -->
  <testcase classname="Base.Assertion" name="@AfterClass CloseFb" time="0.0">
    <skipped/>
  </testcase> <!-- @AfterClass CloseFb -->
  <testcase classname="Base.Assertion" name="@AfterTest close" time="0.0">
    <skipped/>
  </testcase> <!-- @AfterTest close -->
  <testcase classname="Base.Createaccount" name="@AfterTest close" time="0.0">
    <skipped/>
  </testcase> <!-- @AfterTest close -->
  <testcase classname="Base.Signin" name="@AfterTest close" time="0.0">
    <skipped/>
  </testcase> <!-- @AfterTest close -->
  <testcase classname="Base.Signin" name="Signin" time="0.0">
    <skipped/>
  </testcase> <!-- Signin -->
  <testcase classname="Base.Createaccount" name="Createaccount" time="0.0">
    <skipped/>
  </testcase> <!-- Createaccount -->
  <testcase classname="Base.Assertion" name="forgotPassword" time="0.0">
    <skipped/>
  </testcase> <!-- forgotPassword -->
</testsuite> <!-- Test -->
